[error] Failed to fetch Firebase Project from Studio Workspace because WORKSPACE_SLUG environment variable is empty
[error] Failed to fetch Firebase Project from Studio Workspace because WORKSPACE_SLUG environment variable is empty
[error] Failed to fetch Firebase Project from Studio Workspace because WORKSPACE_SLUG environment variable is empty
[error] Failed to fetch Firebase Project from Studio Workspace because WORKSPACE_SLUG environment variable is empty
[debug] [2026-02-13T01:16:31.852Z] > command requires scopes: ["email","openid","https://www.googleapis.com/auth/cloudplatformprojects.readonly","https://www.googleapis.com/auth/firebase","https://www.googleapis.com/auth/cloud-platform","https://www.googleapis.com/auth/userinfo.email"]
[debug] [2026-02-13T01:16:31.855Z] > command requires scopes: ["email","openid","https://www.googleapis.com/auth/cloudplatformprojects.readonly","https://www.googleapis.com/auth/firebase","https://www.googleapis.com/auth/cloud-platform","https://www.googleapis.com/auth/userinfo.email"]
[debug] [2026-02-13T01:16:45.290Z] Running auto auth
[debug] [2026-02-13T01:16:45.291Z] Running auto auth
[debug] [2026-02-13T01:16:45.336Z] No OAuth tokens found
[debug] [2026-02-13T01:16:45.342Z] >>> [apiv2][query] GET https://cloudbilling.googleapis.com/v1/projects/manread-74612/billingInfo [none]
[debug] [2026-02-13T01:16:45.402Z] No OAuth tokens found
[debug] [2026-02-13T01:16:45.403Z] >>> [apiv2][query] GET https://cloudbilling.googleapis.com/v1/projects/manread-74612/billingInfo [none]
[debug] [2026-02-13T01:16:45.650Z] <<< [apiv2][status] GET https://cloudbilling.googleapis.com/v1/projects/manread-74612/billingInfo 200
[debug] [2026-02-13T01:16:45.652Z] <<< [apiv2][body] GET https://cloudbilling.googleapis.com/v1/projects/manread-74612/billingInfo {"name":"projects/manread-74612/billingInfo","projectId":"manread-74612","billingAccountName":"","billingEnabled":false}
[debug] [2026-02-13T01:16:45.666Z] No OAuth tokens found
[debug] [2026-02-13T01:16:45.667Z] No OAuth tokens found
[debug] [2026-02-13T01:16:45.668Z] No OAuth tokens found
[debug] [2026-02-13T01:16:45.669Z] No OAuth tokens found
[debug] [2026-02-13T01:16:45.669Z] No OAuth tokens found
[debug] [2026-02-13T01:16:45.669Z] No OAuth tokens found
[debug] [2026-02-13T01:16:45.670Z] No OAuth tokens found
[debug] [2026-02-13T01:16:45.684Z] No OAuth tokens found
[debug] [2026-02-13T01:16:45.684Z] No OAuth tokens found
[debug] [2026-02-13T01:16:45.684Z] >>> [apiv2][query] GET https://serviceusage.googleapis.com/v1/projects/manread-74612/services/firestore.googleapis.com [none]
[debug] [2026-02-13T01:16:45.685Z] >>> [apiv2][(partial)header] GET https://serviceusage.googleapis.com/v1/projects/manread-74612/services/firestore.googleapis.com  x-goog-user-project=manread-74612
[debug] [2026-02-13T01:16:45.686Z] >>> [apiv2][query] GET https://serviceusage.googleapis.com/v1/projects/manread-74612/services/storage.googleapis.com [none]
[debug] [2026-02-13T01:16:45.687Z] >>> [apiv2][(partial)header] GET https://serviceusage.googleapis.com/v1/projects/manread-74612/services/storage.googleapis.com  x-goog-user-project=manread-74612
[debug] [2026-02-13T01:16:45.688Z] >>> [apiv2][query] GET https://serviceusage.googleapis.com/v1/projects/manread-74612/services/firebasedataconnect.googleapis.com [none]
[debug] [2026-02-13T01:16:45.688Z] >>> [apiv2][(partial)header] GET https://serviceusage.googleapis.com/v1/projects/manread-74612/services/firebasedataconnect.googleapis.com  x-goog-user-project=manread-74612
[debug] [2026-02-13T01:16:45.690Z] >>> [apiv2][query] GET https://serviceusage.googleapis.com/v1/projects/manread-74612/services/identitytoolkit.googleapis.com [none]
[debug] [2026-02-13T01:16:45.690Z] >>> [apiv2][(partial)header] GET https://serviceusage.googleapis.com/v1/projects/manread-74612/services/identitytoolkit.googleapis.com  x-goog-user-project=manread-74612
[debug] [2026-02-13T01:16:45.692Z] >>> [apiv2][query] GET https://serviceusage.googleapis.com/v1/projects/manread-74612/services/fcm.googleapis.com [none]
[debug] [2026-02-13T01:16:45.692Z] >>> [apiv2][(partial)header] GET https://serviceusage.googleapis.com/v1/projects/manread-74612/services/fcm.googleapis.com  x-goog-user-project=manread-74612
[debug] [2026-02-13T01:16:45.693Z] >>> [apiv2][query] GET https://serviceusage.googleapis.com/v1/projects/manread-74612/services/cloudfunctions.googleapis.com [none]
[debug] [2026-02-13T01:16:45.693Z] >>> [apiv2][(partial)header] GET https://serviceusage.googleapis.com/v1/projects/manread-74612/services/cloudfunctions.googleapis.com  x-goog-user-project=manread-74612
[debug] [2026-02-13T01:16:45.695Z] >>> [apiv2][query] GET https://serviceusage.googleapis.com/v1/projects/manread-74612/services/firebaseremoteconfig.googleapis.com [none]
[debug] [2026-02-13T01:16:45.695Z] >>> [apiv2][(partial)header] GET https://serviceusage.googleapis.com/v1/projects/manread-74612/services/firebaseremoteconfig.googleapis.com  x-goog-user-project=manread-74612
[debug] [2026-02-13T01:16:45.697Z] >>> [apiv2][query] GET https://serviceusage.googleapis.com/v1/projects/manread-74612/services/firebaseapphosting.googleapis.com [none]
[debug] [2026-02-13T01:16:45.697Z] >>> [apiv2][(partial)header] GET https://serviceusage.googleapis.com/v1/projects/manread-74612/services/firebaseapphosting.googleapis.com  x-goog-user-project=manread-74612
[debug] [2026-02-13T01:16:45.698Z] >>> [apiv2][query] GET https://serviceusage.googleapis.com/v1/projects/manread-74612/services/firebaseio.com [none]
[debug] [2026-02-13T01:16:45.698Z] >>> [apiv2][(partial)header] GET https://serviceusage.googleapis.com/v1/projects/manread-74612/services/firebaseio.com  x-goog-user-project=manread-74612
[debug] [2026-02-13T01:16:46.443Z] <<< [apiv2][status] GET https://cloudbilling.googleapis.com/v1/projects/manread-74612/billingInfo 200
[debug] [2026-02-13T01:16:46.444Z] <<< [apiv2][body] GET https://cloudbilling.googleapis.com/v1/projects/manread-74612/billingInfo {"name":"projects/manread-74612/billingInfo","projectId":"manread-74612","billingAccountName":"","billingEnabled":false}
[debug] [2026-02-13T01:16:46.445Z] No OAuth tokens found
[debug] [2026-02-13T01:16:46.446Z] No OAuth tokens found
[debug] [2026-02-13T01:16:46.446Z] No OAuth tokens found
[debug] [2026-02-13T01:16:46.447Z] No OAuth tokens found
[debug] [2026-02-13T01:16:46.447Z] No OAuth tokens found
[debug] [2026-02-13T01:16:46.447Z] No OAuth tokens found
[debug] [2026-02-13T01:16:46.447Z] No OAuth tokens found
[debug] [2026-02-13T01:16:46.463Z] No OAuth tokens found
[debug] [2026-02-13T01:16:46.463Z] No OAuth tokens found
[debug] [2026-02-13T01:16:46.463Z] >>> [apiv2][query] GET https://serviceusage.googleapis.com/v1/projects/manread-74612/services/firestore.googleapis.com [none]
[debug] [2026-02-13T01:16:46.463Z] >>> [apiv2][(partial)header] GET https://serviceusage.googleapis.com/v1/projects/manread-74612/services/firestore.googleapis.com  x-goog-user-project=manread-74612
[debug] [2026-02-13T01:16:46.466Z] >>> [apiv2][query] GET https://serviceusage.googleapis.com/v1/projects/manread-74612/services/storage.googleapis.com [none]
[debug] [2026-02-13T01:16:46.466Z] >>> [apiv2][(partial)header] GET https://serviceusage.googleapis.com/v1/projects/manread-74612/services/storage.googleapis.com  x-goog-user-project=manread-74612
[debug] [2026-02-13T01:16:46.468Z] >>> [apiv2][query] GET https://serviceusage.googleapis.com/v1/projects/manread-74612/services/firebasedataconnect.googleapis.com [none]
[debug] [2026-02-13T01:16:46.468Z] >>> [apiv2][(partial)header] GET https://serviceusage.googleapis.com/v1/projects/manread-74612/services/firebasedataconnect.googleapis.com  x-goog-user-project=manread-74612
[debug] [2026-02-13T01:16:46.470Z] >>> [apiv2][query] GET https://serviceusage.googleapis.com/v1/projects/manread-74612/services/identitytoolkit.googleapis.com [none]
[debug] [2026-02-13T01:16:46.470Z] >>> [apiv2][(partial)header] GET https://serviceusage.googleapis.com/v1/projects/manread-74612/services/identitytoolkit.googleapis.com  x-goog-user-project=manread-74612
[debug] [2026-02-13T01:16:46.472Z] >>> [apiv2][query] GET https://serviceusage.googleapis.com/v1/projects/manread-74612/services/fcm.googleapis.com [none]
[debug] [2026-02-13T01:16:46.472Z] >>> [apiv2][(partial)header] GET https://serviceusage.googleapis.com/v1/projects/manread-74612/services/fcm.googleapis.com  x-goog-user-project=manread-74612
[debug] [2026-02-13T01:16:46.473Z] >>> [apiv2][query] GET https://serviceusage.googleapis.com/v1/projects/manread-74612/services/cloudfunctions.googleapis.com [none]
[debug] [2026-02-13T01:16:46.473Z] >>> [apiv2][(partial)header] GET https://serviceusage.googleapis.com/v1/projects/manread-74612/services/cloudfunctions.googleapis.com  x-goog-user-project=manread-74612
[debug] [2026-02-13T01:16:46.474Z] >>> [apiv2][query] GET https://serviceusage.googleapis.com/v1/projects/manread-74612/services/firebaseremoteconfig.googleapis.com [none]
[debug] [2026-02-13T01:16:46.475Z] >>> [apiv2][(partial)header] GET https://serviceusage.googleapis.com/v1/projects/manread-74612/services/firebaseremoteconfig.googleapis.com  x-goog-user-project=manread-74612
[debug] [2026-02-13T01:16:46.476Z] >>> [apiv2][query] GET https://serviceusage.googleapis.com/v1/projects/manread-74612/services/firebaseapphosting.googleapis.com [none]
[debug] [2026-02-13T01:16:46.476Z] >>> [apiv2][(partial)header] GET https://serviceusage.googleapis.com/v1/projects/manread-74612/services/firebaseapphosting.googleapis.com  x-goog-user-project=manread-74612
[debug] [2026-02-13T01:16:46.477Z] >>> [apiv2][query] GET https://serviceusage.googleapis.com/v1/projects/manread-74612/services/firebaseio.com [none]
[debug] [2026-02-13T01:16:46.477Z] >>> [apiv2][(partial)header] GET https://serviceusage.googleapis.com/v1/projects/manread-74612/services/firebaseio.com  x-goog-user-project=manread-74612
[debug] [2026-02-13T01:16:46.713Z] <<< [apiv2][status] GET https://serviceusage.googleapis.com/v1/projects/manread-74612/services/firebaseio.com 403
[debug] [2026-02-13T01:16:46.714Z] <<< [apiv2][body] GET https://serviceusage.googleapis.com/v1/projects/manread-74612/services/firebaseio.com [omitted]
[debug] [2026-02-13T01:16:46.757Z] <<< [apiv2][status] GET https://serviceusage.googleapis.com/v1/projects/manread-74612/services/firebaseapphosting.googleapis.com 200
[debug] [2026-02-13T01:16:46.761Z] <<< [apiv2][body] GET https://serviceusage.googleapis.com/v1/projects/manread-74612/services/firebaseapphosting.googleapis.com [omitted]
[debug] [2026-02-13T01:16:46.773Z] <<< [apiv2][status] GET https://serviceusage.googleapis.com/v1/projects/manread-74612/services/identitytoolkit.googleapis.com 200
[debug] [2026-02-13T01:16:46.773Z] <<< [apiv2][body] GET https://serviceusage.googleapis.com/v1/projects/manread-74612/services/identitytoolkit.googleapis.com [omitted]
[debug] [2026-02-13T01:16:46.795Z] <<< [apiv2][status] GET https://serviceusage.googleapis.com/v1/projects/manread-74612/services/storage.googleapis.com 200
[debug] [2026-02-13T01:16:46.795Z] <<< [apiv2][body] GET https://serviceusage.googleapis.com/v1/projects/manread-74612/services/storage.googleapis.com [omitted]
[debug] [2026-02-13T01:16:46.809Z] <<< [apiv2][status] GET https://serviceusage.googleapis.com/v1/projects/manread-74612/services/firebaseremoteconfig.googleapis.com 200
[debug] [2026-02-13T01:16:46.809Z] <<< [apiv2][body] GET https://serviceusage.googleapis.com/v1/projects/manread-74612/services/firebaseremoteconfig.googleapis.com [omitted]
[debug] [2026-02-13T01:16:46.818Z] <<< [apiv2][status] GET https://serviceusage.googleapis.com/v1/projects/manread-74612/services/firestore.googleapis.com 200
[debug] [2026-02-13T01:16:46.819Z] <<< [apiv2][body] GET https://serviceusage.googleapis.com/v1/projects/manread-74612/services/firestore.googleapis.com [omitted]
[debug] [2026-02-13T01:16:46.823Z] <<< [apiv2][status] GET https://serviceusage.googleapis.com/v1/projects/manread-74612/services/fcm.googleapis.com 200
[debug] [2026-02-13T01:16:46.823Z] <<< [apiv2][body] GET https://serviceusage.googleapis.com/v1/projects/manread-74612/services/fcm.googleapis.com [omitted]
[debug] [2026-02-13T01:16:46.839Z] <<< [apiv2][status] GET https://serviceusage.googleapis.com/v1/projects/manread-74612/services/cloudfunctions.googleapis.com 200
[debug] [2026-02-13T01:16:46.839Z] <<< [apiv2][body] GET https://serviceusage.googleapis.com/v1/projects/manread-74612/services/cloudfunctions.googleapis.com [omitted]
[debug] [2026-02-13T01:16:46.841Z] <<< [apiv2][status] GET https://serviceusage.googleapis.com/v1/projects/manread-74612/services/firebasedataconnect.googleapis.com 200
[debug] [2026-02-13T01:16:46.843Z] <<< [apiv2][body] GET https://serviceusage.googleapis.com/v1/projects/manread-74612/services/firebasedataconnect.googleapis.com [omitted]
[debug] [2026-02-13T01:16:47.512Z] <<< [apiv2][status] GET https://serviceusage.googleapis.com/v1/projects/manread-74612/services/firebasedataconnect.googleapis.com 200
[debug] [2026-02-13T01:16:47.512Z] <<< [apiv2][body] GET https://serviceusage.googleapis.com/v1/projects/manread-74612/services/firebasedataconnect.googleapis.com [omitted]
[debug] [2026-02-13T01:16:47.526Z] <<< [apiv2][status] GET https://serviceusage.googleapis.com/v1/projects/manread-74612/services/firebaseio.com 403
[debug] [2026-02-13T01:16:47.526Z] <<< [apiv2][body] GET https://serviceusage.googleapis.com/v1/projects/manread-74612/services/firebaseio.com [omitted]
[debug] [2026-02-13T01:16:47.532Z] <<< [apiv2][status] GET https://serviceusage.googleapis.com/v1/projects/manread-74612/services/fcm.googleapis.com 200
[debug] [2026-02-13T01:16:47.533Z] <<< [apiv2][body] GET https://serviceusage.googleapis.com/v1/projects/manread-74612/services/fcm.googleapis.com [omitted]
[debug] [2026-02-13T01:16:47.549Z] <<< [apiv2][status] GET https://serviceusage.googleapis.com/v1/projects/manread-74612/services/firestore.googleapis.com 200
[debug] [2026-02-13T01:16:47.549Z] <<< [apiv2][body] GET https://serviceusage.googleapis.com/v1/projects/manread-74612/services/firestore.googleapis.com [omitted]
[debug] [2026-02-13T01:16:47.566Z] <<< [apiv2][status] GET https://serviceusage.googleapis.com/v1/projects/manread-74612/services/firebaseremoteconfig.googleapis.com 200
[debug] [2026-02-13T01:16:47.566Z] <<< [apiv2][body] GET https://serviceusage.googleapis.com/v1/projects/manread-74612/services/firebaseremoteconfig.googleapis.com [omitted]
[debug] [2026-02-13T01:16:47.582Z] <<< [apiv2][status] GET https://serviceusage.googleapis.com/v1/projects/manread-74612/services/cloudfunctions.googleapis.com 200
[debug] [2026-02-13T01:16:47.582Z] <<< [apiv2][body] GET https://serviceusage.googleapis.com/v1/projects/manread-74612/services/cloudfunctions.googleapis.com [omitted]
[debug] [2026-02-13T01:16:47.583Z] <<< [apiv2][status] GET https://serviceusage.googleapis.com/v1/projects/manread-74612/services/identitytoolkit.googleapis.com 200
[debug] [2026-02-13T01:16:47.587Z] <<< [apiv2][body] GET https://serviceusage.googleapis.com/v1/projects/manread-74612/services/identitytoolkit.googleapis.com [omitted]
[debug] [2026-02-13T01:16:47.594Z] <<< [apiv2][status] GET https://serviceusage.googleapis.com/v1/projects/manread-74612/services/firebaseapphosting.googleapis.com 200
[debug] [2026-02-13T01:16:47.594Z] <<< [apiv2][body] GET https://serviceusage.googleapis.com/v1/projects/manread-74612/services/firebaseapphosting.googleapis.com [omitted]
[debug] [2026-02-13T01:16:47.610Z] <<< [apiv2][status] GET https://serviceusage.googleapis.com/v1/projects/manread-74612/services/storage.googleapis.com 200
[debug] [2026-02-13T01:16:47.610Z] <<< [apiv2][body] GET https://serviceusage.googleapis.com/v1/projects/manread-74612/services/storage.googleapis.com [omitted]
[error] Failed to fetch Firebase Project from Studio Workspace because WORKSPACE_SLUG environment variable is empty
[error] Failed to fetch Firebase Project from Studio Workspace because WORKSPACE_SLUG environment variable is empty
[error] Failed to fetch Firebase Project from Studio Workspace because WORKSPACE_SLUG environment variable is empty
[debug] [2026-02-13T01:16:47.627Z] > command requires scopes: ["email","openid","https://www.googleapis.com/auth/cloudplatformprojects.readonly","https://www.googleapis.com/auth/firebase","https://www.googleapis.com/auth/cloud-platform","https://www.googleapis.com/auth/userinfo.email"]
[debug] [2026-02-13T01:16:47.627Z] > authorizing via signed-in user (borntobuild.jigun@gmail.com)
[debug] [2026-02-13T01:16:47.628Z] No OAuth tokens found
[debug] [2026-02-13T01:16:47.628Z] >>> [apiv2][query] GET https://cloudbilling.googleapis.com/v1/projects/manread-74612/billingInfo [none]
[debug] [2026-02-13T01:16:47.847Z] <<< [apiv2][status] GET https://cloudbilling.googleapis.com/v1/projects/manread-74612/billingInfo 200
[debug] [2026-02-13T01:16:47.848Z] <<< [apiv2][body] GET https://cloudbilling.googleapis.com/v1/projects/manread-74612/billingInfo {"name":"projects/manread-74612/billingInfo","projectId":"manread-74612","billingAccountName":"","billingEnabled":false}
[error] Failed to fetch Firebase Project from Studio Workspace because WORKSPACE_SLUG environment variable is empty
[debug] [2026-02-13T01:16:47.857Z] > command requires scopes: ["email","openid","https://www.googleapis.com/auth/cloudplatformprojects.readonly","https://www.googleapis.com/auth/firebase","https://www.googleapis.com/auth/cloud-platform","https://www.googleapis.com/auth/userinfo.email"]
[debug] [2026-02-13T01:16:47.858Z] > authorizing via signed-in user (borntobuild.jigun@gmail.com)
[error] Failed to fetch Firebase Project from Studio Workspace because WORKSPACE_SLUG environment variable is empty
[error] Failed to fetch Firebase Project from Studio Workspace because WORKSPACE_SLUG environment variable is empty
[error] Failed to fetch Firebase Project from Studio Workspace because WORKSPACE_SLUG environment variable is empty
[debug] [2026-02-13T01:16:47.877Z] > command requires scopes: ["email","openid","https://www.googleapis.com/auth/cloudplatformprojects.readonly","https://www.googleapis.com/auth/firebase","https://www.googleapis.com/auth/cloud-platform","https://www.googleapis.com/auth/userinfo.email"]
[debug] [2026-02-13T01:16:47.877Z] > authorizing via signed-in user (borntobuild.jigun@gmail.com)
[debug] [2026-02-13T01:16:47.878Z] No OAuth tokens found
[debug] [2026-02-13T01:16:47.878Z] >>> [apiv2][query] GET https://cloudbilling.googleapis.com/v1/projects/manread-74612/billingInfo [none]
[error] Failed to fetch Firebase Project from Studio Workspace because WORKSPACE_SLUG environment variable is empty
[error] Failed to fetch Firebase Project from Studio Workspace because WORKSPACE_SLUG environment variable is empty
[error] Failed to fetch Firebase Project from Studio Workspace because WORKSPACE_SLUG environment variable is empty
[debug] [2026-02-13T01:16:47.883Z] > command requires scopes: ["email","openid","https://www.googleapis.com/auth/cloudplatformprojects.readonly","https://www.googleapis.com/auth/firebase","https://www.googleapis.com/auth/cloud-platform","https://www.googleapis.com/auth/userinfo.email"]
[debug] [2026-02-13T01:16:47.883Z] > authorizing via signed-in user (borntobuild.jigun@gmail.com)
[debug] [2026-02-13T01:16:47.884Z] No OAuth tokens found
[debug] [2026-02-13T01:16:47.884Z] >>> [apiv2][query] GET https://cloudbilling.googleapis.com/v1/projects/manread-74612/billingInfo [none]
[debug] [2026-02-13T01:16:48.080Z] <<< [apiv2][status] GET https://cloudbilling.googleapis.com/v1/projects/manread-74612/billingInfo 200
[debug] [2026-02-13T01:16:48.080Z] <<< [apiv2][body] GET https://cloudbilling.googleapis.com/v1/projects/manread-74612/billingInfo {"name":"projects/manread-74612/billingInfo","projectId":"manread-74612","billingAccountName":"","billingEnabled":false}
[error] Failed to fetch Firebase Project from Studio Workspace because WORKSPACE_SLUG environment variable is empty
[debug] [2026-02-13T01:16:48.083Z] > command requires scopes: ["email","openid","https://www.googleapis.com/auth/cloudplatformprojects.readonly","https://www.googleapis.com/auth/firebase","https://www.googleapis.com/auth/cloud-platform","https://www.googleapis.com/auth/userinfo.email"]
[debug] [2026-02-13T01:16:48.084Z] > authorizing via signed-in user (borntobuild.jigun@gmail.com)
[debug] [2026-02-13T01:16:48.096Z] <<< [apiv2][status] GET https://cloudbilling.googleapis.com/v1/projects/manread-74612/billingInfo 200
[debug] [2026-02-13T01:16:48.097Z] <<< [apiv2][body] GET https://cloudbilling.googleapis.com/v1/projects/manread-74612/billingInfo {"name":"projects/manread-74612/billingInfo","projectId":"manread-74612","billingAccountName":"","billingEnabled":false}
[error] Failed to fetch Firebase Project from Studio Workspace because WORKSPACE_SLUG environment variable is empty
[debug] [2026-02-13T01:16:48.103Z] > command requires scopes: ["email","openid","https://www.googleapis.com/auth/cloudplatformprojects.readonly","https://www.googleapis.com/auth/firebase","https://www.googleapis.com/auth/cloud-platform","https://www.googleapis.com/auth/userinfo.email"]
[debug] [2026-02-13T01:16:48.103Z] > authorizing via signed-in user (borntobuild.jigun@gmail.com)
